빌드 시작: 2018-10-20 오후 7:41:54
     1>2 노드의 "C:\Users\Kimyunsang\documents\visual studio 2010\Projects\algorithm\algorithm\algorithm.vcxproj" 프로젝트(build 대상)입니다.
     1>InitializeBuildStatus:
         "AlwaysCreate"이(가) 지정되었기 때문에 "Debug\Algorithm.unsuccessfulbuild"을(를) 만들고 있습니다.
       ClCompile:
         c:\Program Files (x86)\Microsoft Visual Studio 10.0\VC\bin\CL.exe /c /ZI /nologo /W3 /WX- /Od /Oy- /D WIN32 /D _DEBUG /D _CONSOLE /D _UNICODE /D UNICODE /Gm /EHsc /RTC1 /MDd /GS /fp:precise /Zc:wchar_t /Zc:forScope /Fo"Debug\\" /Fd"Debug\vc100.pdb" /Gd /TP /analyze- /errorReport:prompt 1260.cpp
         1260.cpp
       ManifestResourceCompile:
         모든 출력이 최신 상태입니다.
       Link:
         c:\Program Files (x86)\Microsoft Visual Studio 10.0\VC\bin\link.exe /ERRORREPORT:PROMPT /OUT:"C:\Users\Kimyunsang\documents\visual studio 2010\Projects\algorithm\Debug\Algorithm.exe" /INCREMENTAL /NOLOGO kernel32.lib user32.lib gdi32.lib winspool.lib comdlg32.lib advapi32.lib shell32.lib ole32.lib oleaut32.lib uuid.lib odbc32.lib odbccp32.lib /MANIFEST /ManifestFile:"Debug\Algorithm.exe.intermediate.manifest" /MANIFESTUAC:"level='asInvoker' uiAccess='false'" /DEBUG /PDB:"C:\Users\Kimyunsang\documents\visual studio 2010\Projects\algorithm\Debug\Algorithm.pdb" /SUBSYSTEM:CONSOLE /TLBID:1 /DYNAMICBASE /NXCOMPAT /IMPLIB:"C:\Users\Kimyunsang\documents\visual studio 2010\Projects\algorithm\Debug\Algorithm.lib" /MACHINE:X86 Debug\Algorithm.exe.embed.manifest.res
         Debug\1260.obj
       Manifest:
         C:\Program Files (x86)\Microsoft SDKs\Windows\v7.0A\bin\mt.exe /nologo /verbose /out:"Debug\Algorithm.exe.embed.manifest" /manifest Debug\Algorithm.exe.intermediate.manifest
         모든 출력이 최신 상태입니다.
       LinkEmbedManifest:
         모든 출력이 최신 상태입니다.
         algorithm.vcxproj -> C:\Users\Kimyunsang\documents\visual studio 2010\Projects\algorithm\Debug\Algorithm.exe
       FinalizeBuildStatus:
         "Debug\Algorithm.unsuccessfulbuild" 파일을 삭제하고 있습니다.
         "Debug\Algorithm.lastbuildstate"에 연결(touching)하고 있습니다.
     1>"C:\Users\Kimyunsang\documents\visual studio 2010\Projects\algorithm\algorithm\algorithm.vcxproj" 프로젝트를 빌드했습니다(build 대상).

빌드했습니다.

경과 시간: 00:00:02.80
